22:56:19.469 [nREPL-session-746821ac-897b-4a88-a804-3387046943a1] INFO  org.eclipse.jetty.util.log  - Logging initialized @54303ms to org.eclipse.jetty.util.log.Slf4jLog
22:56:19.615 [nREPL-session-746821ac-897b-4a88-a804-3387046943a1] INFO  org.eclipse.jetty.server.Server  - jetty-9.4.18.v20190429; built: 2019-04-29T20:42:08.989Z; git: e1bc35120a6617ee3df052294e433f3a25ce7097; jvm 11.0.10+9
22:56:19.644 [nREPL-session-746821ac-897b-4a88-a804-3387046943a1] INFO  o.e.j.server.handler.ContextHandler  - Started o.e.j.s.ServletContextHandler@27a8a54f{/,null,AVAILABLE}
22:56:19.659 [nREPL-session-746821ac-897b-4a88-a804-3387046943a1] INFO  o.e.jetty.server.AbstractConnector  - Started ServerConnector@47865cb2{HTTP/1.1,[http/1.1, h2c]}{localhost:8080}
22:56:19.659 [nREPL-session-746821ac-897b-4a88-a804-3387046943a1] INFO  org.eclipse.jetty.server.Server  - Started @54496ms
22:56:25.138 [qtp150405234-32] INFO  io.pedestal.http  - {:msg "GET /clothes/delete", :line 80}
22:56:25.141 [qtp150405234-32] INFO  io.pedestal.http.cors  - {:msg "cors request processing", :origin "", :allowed true, :line 84}
22:56:25.148 [qtp150405234-32] INFO  io.pedestal.http.cors  - {:msg "cors response processing", :cors-headers {"Access-Control-Allow-Origin" "", "Access-Control-Allow-Credentials" "true", "Access-Control-Expose-Headers" ""}, :line 111}
22:56:25.269 [qtp150405234-27] INFO  io.pedestal.http  - {:msg "GET /favicon.ico", :line 80}
22:56:25.270 [qtp150405234-27] INFO  io.pedestal.http.cors  - {:msg "cors request processing", :origin "", :allowed true, :line 84}
22:56:25.275 [qtp150405234-27] INFO  io.pedestal.http.cors  - {:msg "cors response processing", :cors-headers {"Access-Control-Allow-Origin" "", "Access-Control-Allow-Credentials" "true", "Access-Control-Expose-Headers" ""}, :line 111}
22:56:30.940 [qtp150405234-31] INFO  io.pedestal.http  - {:msg "GET /", :line 80}
22:56:30.941 [qtp150405234-31] INFO  io.pedestal.http.cors  - {:msg "cors request processing", :origin "", :allowed true, :line 84}
22:56:31.243 [clojure-agent-send-off-pool-4] INFO  datomic.kv-cluster  - {:event :kv-cluster/get-pod, :pod-key "pod-catalog", :phase :begin, :pid 60583, :tid 17}
22:56:31.328 [clojure-agent-send-off-pool-4] INFO  datomic.kv-cluster  - {:event :kv-cluster/get-pod, :pod-key "pod-catalog", :msec 84.3, :phase :end, :pid 60583, :tid 17}
22:56:31.331 [qtp150405234-31] INFO  datomic.domain  - {:event :cache/create, :cache-bytes 2084569088, :pid 60583, :tid 31}
22:56:31.341 [qtp150405234-31] INFO  datomic.peer  - {:event :peer/connect-transactor, :host "0.0.0.0", :alt-host "127.0.0.1", :port 4334, :version "0.9.5703", :pid 60583, :tid 31}
22:56:32.885 [clojure-agent-send-off-pool-4] INFO  datomic.kv-cluster  - {:event :kv-cluster/get-pod, :pod-key "pod-log-tail/modix-301f296e-9d14-4c98-b6ab-7ccffaa8bb39", :phase :begin, :pid 60583, :tid 17}
22:56:32.928 [clojure-agent-send-off-pool-4] INFO  datomic.kv-cluster  - {:event :kv-cluster/get-pod, :pod-key "pod-log-tail/modix-301f296e-9d14-4c98-b6ab-7ccffaa8bb39", :msec 42.2, :phase :end, :pid 60583, :tid 17}
22:56:33.006 [clojure-agent-send-off-pool-4] INFO  datomic.log  - {:event :log/load-segments, :count 0, :pid 60583, :tid 17}
22:56:33.020 [qtp150405234-31] INFO  datomic.log  - {:event :log/catchup-fulltext, :phase :begin, :pid 60583, :tid 31}
22:56:33.024 [qtp150405234-31] INFO  datomic.log  - {:event :log/catchup-fulltext, :msec 3.57, :phase :end, :pid 60583, :tid 31}
22:56:33.025 [qtp150405234-31] INFO  datomic.log  - {:event :log/catchup, :bytes 28266, :tail-t 1103, :index-t 63, :msec 23, :pid 60583, :tid 31}
22:56:33.039 [clojure-agent-send-off-pool-4] INFO  datomic.kv-cluster  - {:event :kv-cluster/get-pod, :pod-key "pod-log-tail/modix-301f296e-9d14-4c98-b6ab-7ccffaa8bb39", :phase :begin, :pid 60583, :tid 17}
22:56:33.078 [clojure-agent-send-off-pool-4] INFO  datomic.kv-cluster  - {:event :kv-cluster/get-pod, :pod-key "pod-log-tail/modix-301f296e-9d14-4c98-b6ab-7ccffaa8bb39", :msec 38.5, :phase :end, :pid 60583, :tid 17}
22:56:33.090 [qtp150405234-31] INFO  datomic.log  - {:event :log/catchup-fulltext, :phase :begin, :pid 60583, :tid 31}
22:56:33.090 [qtp150405234-31] INFO  datomic.log  - {:event :log/catchup-fulltext, :msec 0.0853, :phase :end, :pid 60583, :tid 31}
22:56:33.090 [qtp150405234-31] INFO  datomic.log  - {:event :log/catchup, :bytes 0, :tail-t 1103, :index-t 1103, :msec 1, :pid 60583, :tid 31}
22:56:33.102 [qtp150405234-31] INFO  datomic.peer  - {:tid 31, :db-id "modix-301f296e-9d14-4c98-b6ab-7ccffaa8bb39", :protocol :free, :db-name "modix", :port 4334, :host "localhost", :pid 60583, :event :peer/cache-connection, :system-root "localhost:4334"}
22:56:33.161 [qtp150405234-31] INFO  io.pedestal.http.cors  - {:msg "cors response processing", :cors-headers {"Access-Control-Allow-Origin" "", "Access-Control-Allow-Credentials" "true", "Access-Control-Expose-Headers" "Strict-Transport-Security, X-Frame-Options, X-Content-Type-Options, X-Xss-Protection, X-Download-Options, X-Permitted-Cross-Domain-Policies, Content-Security-Policy, Content-Type"}, :line 111}
22:56:33.209 [qtp150405234-33] INFO  io.pedestal.http  - {:msg "GET /img/header.png", :line 80}
22:56:33.209 [qtp150405234-33] INFO  io.pedestal.http.cors  - {:msg "cors request processing", :origin "", :allowed true, :line 84}
22:56:33.209 [qtp150405234-26] INFO  io.pedestal.http  - {:msg "GET /img/logo.png", :line 80}
22:56:33.210 [qtp150405234-26] INFO  io.pedestal.http.cors  - {:msg "cors request processing", :origin "", :allowed true, :line 84}
22:56:33.212 [qtp150405234-33] INFO  io.pedestal.http.cors  - {:msg "cors response processing", :cors-headers {"Access-Control-Allow-Origin" "", "Access-Control-Allow-Credentials" "true", "Access-Control-Expose-Headers" ""}, :line 111}
22:56:33.213 [qtp150405234-26] INFO  io.pedestal.http.cors  - {:msg "cors response processing", :cors-headers {"Access-Control-Allow-Origin" "", "Access-Control-Allow-Credentials" "true", "Access-Control-Expose-Headers" ""}, :line 111}
22:56:40.956 [qtp150405234-29] INFO  io.pedestal.http  - {:msg "GET /img/header.png", :line 80}
22:56:40.957 [qtp150405234-29] INFO  io.pedestal.http.cors  - {:msg "cors request processing", :origin "", :allowed true, :line 84}
22:56:40.959 [qtp150405234-29] INFO  io.pedestal.http.cors  - {:msg "cors response processing", :cors-headers {"Access-Control-Allow-Origin" "", "Access-Control-Allow-Credentials" "true", "Access-Control-Expose-Headers" ""}, :line 111}
22:56:44.264 [qtp150405234-33] INFO  io.pedestal.http  - {:msg "GET /img/header.png", :line 80}
22:56:44.264 [qtp150405234-33] INFO  io.pedestal.http.cors  - {:msg "cors request processing", :origin "", :allowed true, :line 84}
22:56:44.266 [qtp150405234-33] INFO  io.pedestal.http.cors  - {:msg "cors response processing", :cors-headers {"Access-Control-Allow-Origin" "", "Access-Control-Allow-Credentials" "true", "Access-Control-Expose-Headers" ""}, :line 111}
23:00:00.045 [qtp150405234-30] INFO  io.pedestal.http  - {:msg "GET /", :line 80}
23:00:00.046 [qtp150405234-30] INFO  io.pedestal.http.cors  - {:msg "cors request processing", :origin "", :allowed true, :line 84}
23:00:00.050 [clojure-agent-send-off-pool-7] INFO  datomic.kv-cluster  - {:event :kv-cluster/get-pod, :pod-key "pod-catalog", :phase :begin, :pid 60583, :tid 74}
23:00:00.053 [clojure-agent-send-off-pool-7] INFO  datomic.kv-cluster  - {:event :kv-cluster/get-pod, :pod-key "pod-catalog", :msec 1.78, :phase :end, :pid 60583, :tid 74}
23:00:00.056 [qtp150405234-30] INFO  io.pedestal.http.cors  - {:msg "cors response processing", :cors-headers {"Access-Control-Allow-Origin" "", "Access-Control-Allow-Credentials" "true", "Access-Control-Expose-Headers" "Strict-Transport-Security, X-Frame-Options, X-Content-Type-Options, X-Xss-Protection, X-Download-Options, X-Permitted-Cross-Domain-Policies, Content-Security-Policy, Content-Type"}, :line 111}
23:00:00.118 [qtp150405234-33] INFO  io.pedestal.http  - {:msg "GET /img/header.png", :line 80}
23:00:00.118 [qtp150405234-33] INFO  io.pedestal.http.cors  - {:msg "cors request processing", :origin "", :allowed true, :line 84}
23:00:00.118 [qtp150405234-29] INFO  io.pedestal.http  - {:msg "GET /img/logo.png", :line 80}
23:00:00.119 [qtp150405234-29] INFO  io.pedestal.http.cors  - {:msg "cors request processing", :origin "", :allowed true, :line 84}
23:00:00.121 [qtp150405234-29] INFO  io.pedestal.http.cors  - {:msg "cors response processing", :cors-headers {"Access-Control-Allow-Origin" "", "Access-Control-Allow-Credentials" "true", "Access-Control-Expose-Headers" ""}, :line 111}
23:00:00.128 [qtp150405234-33] INFO  io.pedestal.http.cors  - {:msg "cors response processing", :cors-headers {"Access-Control-Allow-Origin" "", "Access-Control-Allow-Credentials" "true", "Access-Control-Expose-Headers" ""}, :line 111}
23:00:26.476 [nREPL-session-4e79dc4d-5e8c-4ee7-8a3c-fc115b7139f9] INFO  org.eclipse.jetty.util.log  - Logging initialized @12558ms to org.eclipse.jetty.util.log.Slf4jLog
23:00:26.628 [nREPL-session-4e79dc4d-5e8c-4ee7-8a3c-fc115b7139f9] INFO  org.eclipse.jetty.server.Server  - jetty-9.4.18.v20190429; built: 2019-04-29T20:42:08.989Z; git: e1bc35120a6617ee3df052294e433f3a25ce7097; jvm 11.0.10+9
23:00:26.662 [nREPL-session-4e79dc4d-5e8c-4ee7-8a3c-fc115b7139f9] INFO  o.e.j.server.handler.ContextHandler  - Started o.e.j.s.ServletContextHandler@652b09a8{/,null,AVAILABLE}
23:00:26.675 [nREPL-session-4e79dc4d-5e8c-4ee7-8a3c-fc115b7139f9] INFO  o.e.jetty.server.AbstractConnector  - Started ServerConnector@4b3e2125{HTTP/1.1,[http/1.1, h2c]}{localhost:8080}
23:00:26.675 [nREPL-session-4e79dc4d-5e8c-4ee7-8a3c-fc115b7139f9] INFO  org.eclipse.jetty.server.Server  - Started @12761ms
23:00:28.982 [qtp1692001230-28] INFO  io.pedestal.http  - {:msg "GET /", :line 80}
23:00:28.987 [qtp1692001230-28] INFO  io.pedestal.http.cors  - {:msg "cors request processing", :origin "", :allowed true, :line 84}
23:00:29.350 [clojure-agent-send-off-pool-5] INFO  datomic.kv-cluster  - {:event :kv-cluster/get-pod, :pod-key "pod-catalog", :phase :begin, :pid 61213, :tid 21}
23:00:29.440 [clojure-agent-send-off-pool-5] INFO  datomic.kv-cluster  - {:event :kv-cluster/get-pod, :pod-key "pod-catalog", :msec 88.7, :phase :end, :pid 61213, :tid 21}
23:00:29.444 [qtp1692001230-28] INFO  datomic.domain  - {:event :cache/create, :cache-bytes 2084569088, :pid 61213, :tid 28}
23:00:29.457 [qtp1692001230-28] INFO  datomic.peer  - {:event :peer/connect-transactor, :host "0.0.0.0", :alt-host "127.0.0.1", :port 4334, :version "0.9.5703", :pid 61213, :tid 28}
23:00:31.094 [clojure-agent-send-off-pool-5] INFO  datomic.kv-cluster  - {:event :kv-cluster/get-pod, :pod-key "pod-log-tail/modix-301f296e-9d14-4c98-b6ab-7ccffaa8bb39", :phase :begin, :pid 61213, :tid 21}
23:00:31.148 [clojure-agent-send-off-pool-5] INFO  datomic.kv-cluster  - {:event :kv-cluster/get-pod, :pod-key "pod-log-tail/modix-301f296e-9d14-4c98-b6ab-7ccffaa8bb39", :msec 53.9, :phase :end, :pid 61213, :tid 21}
23:00:31.271 [clojure-agent-send-off-pool-6] INFO  datomic.log  - {:event :log/load-segments, :count 0, :pid 61213, :tid 58}
23:00:31.291 [qtp1692001230-28] INFO  datomic.log  - {:event :log/catchup-fulltext, :phase :begin, :pid 61213, :tid 28}
23:00:31.296 [qtp1692001230-28] INFO  datomic.log  - {:event :log/catchup-fulltext, :msec 5.1, :phase :end, :pid 61213, :tid 28}
23:00:31.297 [qtp1692001230-28] INFO  datomic.log  - {:event :log/catchup, :bytes 28266, :tail-t 1103, :index-t 63, :msec 30, :pid 61213, :tid 28}
23:00:31.313 [clojure-agent-send-off-pool-6] INFO  datomic.kv-cluster  - {:event :kv-cluster/get-pod, :pod-key "pod-log-tail/modix-301f296e-9d14-4c98-b6ab-7ccffaa8bb39", :phase :begin, :pid 61213, :tid 58}
23:00:31.375 [clojure-agent-send-off-pool-6] INFO  datomic.kv-cluster  - {:event :kv-cluster/get-pod, :pod-key "pod-log-tail/modix-301f296e-9d14-4c98-b6ab-7ccffaa8bb39", :msec 61.7, :phase :end, :pid 61213, :tid 58}
23:00:31.400 [qtp1692001230-28] INFO  datomic.log  - {:event :log/catchup-fulltext, :phase :begin, :pid 61213, :tid 28}
23:00:31.401 [qtp1692001230-28] INFO  datomic.log  - {:event :log/catchup-fulltext, :msec 0.399, :phase :end, :pid 61213, :tid 28}
23:00:31.402 [qtp1692001230-28] INFO  datomic.log  - {:event :log/catchup, :bytes 0, :tail-t 1103, :index-t 1103, :msec 1, :pid 61213, :tid 28}
23:00:31.418 [qtp1692001230-28] INFO  datomic.peer  - {:tid 28, :db-id "modix-301f296e-9d14-4c98-b6ab-7ccffaa8bb39", :protocol :free, :db-name "modix", :port 4334, :host "localhost", :pid 61213, :event :peer/cache-connection, :system-root "localhost:4334"}
23:00:31.487 [qtp1692001230-28] INFO  io.pedestal.http.cors  - {:msg "cors response processing", :cors-headers {"Access-Control-Allow-Origin" "", "Access-Control-Allow-Credentials" "true", "Access-Control-Expose-Headers" "Strict-Transport-Security, X-Frame-Options, X-Content-Type-Options, X-Xss-Protection, X-Download-Options, X-Permitted-Cross-Domain-Policies, Content-Security-Policy, Content-Type"}, :line 111}
23:00:31.548 [qtp1692001230-23] INFO  io.pedestal.http  - {:msg "GET /img/header.png", :line 80}
23:00:31.548 [qtp1692001230-23] INFO  io.pedestal.http.cors  - {:msg "cors request processing", :origin "", :allowed true, :line 84}
23:00:31.555 [qtp1692001230-22] INFO  io.pedestal.http  - {:msg "GET /img/logo.png", :line 80}
23:00:31.555 [qtp1692001230-22] INFO  io.pedestal.http.cors  - {:msg "cors request processing", :origin "", :allowed true, :line 84}
23:00:31.557 [qtp1692001230-22] INFO  io.pedestal.http.cors  - {:msg "cors response processing", :cors-headers {"Access-Control-Allow-Origin" "", "Access-Control-Allow-Credentials" "true", "Access-Control-Expose-Headers" "X-Frame-Options, X-Xss-Protection, Last-Modified, X-Download-Options, Strict-Transport-Security, X-Permitted-Cross-Domain-Policies, Content-Length, X-Content-Type-Options, Content-Security-Policy, Content-Type"}, :line 111}
23:00:31.576 [qtp1692001230-23] INFO  io.pedestal.http.cors  - {:msg "cors response processing", :cors-headers {"Access-Control-Allow-Origin" "", "Access-Control-Allow-Credentials" "true", "Access-Control-Expose-Headers" "X-Frame-Options, X-Xss-Protection, Last-Modified, X-Download-Options, Strict-Transport-Security, X-Permitted-Cross-Domain-Policies, Content-Length, X-Content-Type-Options, Content-Security-Policy, Content-Type"}, :line 111}
23:02:58.352 [qtp1692001230-26] INFO  io.pedestal.http  - {:msg "GET /", :line 80}
23:02:58.353 [qtp1692001230-26] INFO  io.pedestal.http.cors  - {:msg "cors request processing", :origin "", :allowed true, :line 84}
23:02:58.358 [clojure-agent-send-off-pool-4] INFO  datomic.kv-cluster  - {:event :kv-cluster/get-pod, :pod-key "pod-catalog", :phase :begin, :pid 61213, :tid 17}
23:02:58.360 [clojure-agent-send-off-pool-4] INFO  datomic.kv-cluster  - {:event :kv-cluster/get-pod, :pod-key "pod-catalog", :msec 1.55, :phase :end, :pid 61213, :tid 17}
23:02:58.365 [qtp1692001230-26] INFO  io.pedestal.http.cors  - {:msg "cors response processing", :cors-headers {"Access-Control-Allow-Origin" "", "Access-Control-Allow-Credentials" "true", "Access-Control-Expose-Headers" "Strict-Transport-Security, X-Frame-Options, X-Content-Type-Options, X-Xss-Protection, X-Download-Options, X-Permitted-Cross-Domain-Policies, Content-Security-Policy, Content-Type"}, :line 111}
23:02:58.416 [qtp1692001230-28] INFO  io.pedestal.http  - {:msg "GET /img/header.png", :line 80}
23:02:58.417 [qtp1692001230-28] INFO  io.pedestal.http.cors  - {:msg "cors request processing", :origin "", :allowed true, :line 84}
23:02:58.419 [qtp1692001230-28] INFO  io.pedestal.http.cors  - {:msg "cors response processing", :cors-headers {"Access-Control-Allow-Origin" "", "Access-Control-Allow-Credentials" "true", "Access-Control-Expose-Headers" "X-Frame-Options, X-Xss-Protection, Last-Modified, X-Download-Options, Strict-Transport-Security, X-Permitted-Cross-Domain-Policies, Content-Length, X-Content-Type-Options, Content-Security-Policy, Content-Type"}, :line 111}
23:13:33.695 [qtp1692001230-25] INFO  io.pedestal.http  - {:msg "GET /", :line 80}
23:13:33.696 [qtp1692001230-25] INFO  io.pedestal.http.cors  - {:msg "cors request processing", :origin "", :allowed true, :line 84}
23:13:33.701 [clojure-agent-send-off-pool-8] INFO  datomic.kv-cluster  - {:event :kv-cluster/get-pod, :pod-key "pod-catalog", :phase :begin, :pid 61213, :tid 77}
23:13:33.702 [clojure-agent-send-off-pool-8] INFO  datomic.kv-cluster  - {:event :kv-cluster/get-pod, :pod-key "pod-catalog", :msec 1.15, :phase :end, :pid 61213, :tid 77}
23:13:33.704 [qtp1692001230-25] INFO  io.pedestal.http.cors  - {:msg "cors response processing", :cors-headers {"Access-Control-Allow-Origin" "", "Access-Control-Allow-Credentials" "true", "Access-Control-Expose-Headers" "Strict-Transport-Security, X-Frame-Options, X-Content-Type-Options, X-Xss-Protection, X-Download-Options, X-Permitted-Cross-Domain-Policies, Content-Security-Policy, Content-Type"}, :line 111}
23:13:33.752 [qtp1692001230-26] INFO  io.pedestal.http  - {:msg "GET /img/header.png", :line 80}
23:13:33.752 [qtp1692001230-26] INFO  io.pedestal.http.cors  - {:msg "cors request processing", :origin "", :allowed true, :line 84}
23:13:33.752 [qtp1692001230-29] INFO  io.pedestal.http  - {:msg "GET /img/logo.png", :line 80}
23:13:33.752 [qtp1692001230-29] INFO  io.pedestal.http.cors  - {:msg "cors request processing", :origin "", :allowed true, :line 84}
23:13:33.753 [qtp1692001230-26] INFO  io.pedestal.http.cors  - {:msg "cors response processing", :cors-headers {"Access-Control-Allow-Origin" "", "Access-Control-Allow-Credentials" "true", "Access-Control-Expose-Headers" "X-Frame-Options, X-Xss-Protection, Last-Modified, X-Download-Options, Strict-Transport-Security, X-Permitted-Cross-Domain-Policies, Content-Length, X-Content-Type-Options, Content-Security-Policy, Content-Type"}, :line 111}
23:13:33.754 [qtp1692001230-29] INFO  io.pedestal.http.cors  - {:msg "cors response processing", :cors-headers {"Access-Control-Allow-Origin" "", "Access-Control-Allow-Credentials" "true", "Access-Control-Expose-Headers" "X-Frame-Options, X-Xss-Protection, Last-Modified, X-Download-Options, Strict-Transport-Security, X-Permitted-Cross-Domain-Policies, Content-Length, X-Content-Type-Options, Content-Security-Policy, Content-Type"}, :line 111}
23:14:27.561 [qtp1692001230-28] INFO  io.pedestal.http  - {:msg "GET /", :line 80}
23:14:27.563 [qtp1692001230-28] INFO  io.pedestal.http.cors  - {:msg "cors request processing", :origin "", :allowed true, :line 84}
23:14:27.585 [qtp1692001230-28] INFO  io.pedestal.http.cors  - {:msg "cors response processing", :cors-headers {"Access-Control-Allow-Origin" "", "Access-Control-Allow-Credentials" "true", "Access-Control-Expose-Headers" "Strict-Transport-Security, X-Frame-Options, X-Content-Type-Options, X-Xss-Protection, X-Download-Options, X-Permitted-Cross-Domain-Policies, Content-Security-Policy, Content-Type"}, :line 111}
23:14:28.925 [qtp1692001230-29] INFO  io.pedestal.http  - {:msg "GET /", :line 80}
23:14:28.925 [qtp1692001230-29] INFO  io.pedestal.http.cors  - {:msg "cors request processing", :origin "", :allowed true, :line 84}
23:14:28.943 [qtp1692001230-29] INFO  io.pedestal.http.cors  - {:msg "cors response processing", :cors-headers {"Access-Control-Allow-Origin" "", "Access-Control-Allow-Credentials" "true", "Access-Control-Expose-Headers" "Strict-Transport-Security, X-Frame-Options, X-Content-Type-Options, X-Xss-Protection, X-Download-Options, X-Permitted-Cross-Domain-Policies, Content-Security-Policy, Content-Type"}, :line 111}
23:14:32.874 [qtp1692001230-28] INFO  io.pedestal.http  - {:msg "GET /", :line 80}
23:14:32.875 [qtp1692001230-28] INFO  io.pedestal.http.cors  - {:msg "cors request processing", :origin "", :allowed true, :line 84}
23:14:32.893 [qtp1692001230-28] INFO  io.pedestal.http.cors  - {:msg "cors response processing", :cors-headers {"Access-Control-Allow-Origin" "", "Access-Control-Allow-Credentials" "true", "Access-Control-Expose-Headers" "Strict-Transport-Security, X-Frame-Options, X-Content-Type-Options, X-Xss-Protection, X-Download-Options, X-Permitted-Cross-Domain-Policies, Content-Security-Policy, Content-Type"}, :line 111}
23:14:33.413 [qtp1692001230-29] INFO  io.pedestal.http  - {:msg "GET /", :line 80}
23:14:33.414 [qtp1692001230-29] INFO  io.pedestal.http.cors  - {:msg "cors request processing", :origin "", :allowed true, :line 84}
23:14:33.421 [qtp1692001230-29] INFO  io.pedestal.http.cors  - {:msg "cors response processing", :cors-headers {"Access-Control-Allow-Origin" "", "Access-Control-Allow-Credentials" "true", "Access-Control-Expose-Headers" "Strict-Transport-Security, X-Frame-Options, X-Content-Type-Options, X-Xss-Protection, X-Download-Options, X-Permitted-Cross-Domain-Policies, Content-Security-Policy, Content-Type"}, :line 111}
23:14:33.706 [qtp1692001230-28] INFO  io.pedestal.http  - {:msg "GET /", :line 80}
23:14:33.707 [qtp1692001230-28] INFO  io.pedestal.http.cors  - {:msg "cors request processing", :origin "", :allowed true, :line 84}
23:14:33.712 [clojure-agent-send-off-pool-9] INFO  datomic.kv-cluster  - {:event :kv-cluster/get-pod, :pod-key "pod-catalog", :phase :begin, :pid 61213, :tid 83}
23:14:33.714 [clojure-agent-send-off-pool-9] INFO  datomic.kv-cluster  - {:event :kv-cluster/get-pod, :pod-key "pod-catalog", :msec 1.34, :phase :end, :pid 61213, :tid 83}
23:14:33.717 [qtp1692001230-28] INFO  io.pedestal.http.cors  - {:msg "cors response processing", :cors-headers {"Access-Control-Allow-Origin" "", "Access-Control-Allow-Credentials" "true", "Access-Control-Expose-Headers" "Strict-Transport-Security, X-Frame-Options, X-Content-Type-Options, X-Xss-Protection, X-Download-Options, X-Permitted-Cross-Domain-Policies, Content-Security-Policy, Content-Type"}, :line 111}
23:14:54.799 [qtp1692001230-29] INFO  io.pedestal.http  - {:msg "GET /", :line 80}
23:14:54.800 [qtp1692001230-29] INFO  io.pedestal.http.cors  - {:msg "cors request processing", :origin "", :allowed true, :line 84}
23:14:54.841 [qtp1692001230-29] INFO  io.pedestal.http.cors  - {:msg "cors response processing", :cors-headers {"Access-Control-Allow-Origin" "", "Access-Control-Allow-Credentials" "true", "Access-Control-Expose-Headers" "Strict-Transport-Security, X-Frame-Options, X-Content-Type-Options, X-Xss-Protection, X-Download-Options, X-Permitted-Cross-Domain-Policies, Content-Security-Policy, Content-Type"}, :line 111}
23:14:54.967 [qtp1692001230-26] INFO  io.pedestal.http  - {:msg "GET /css/home.css", :line 80}
23:14:54.967 [qtp1692001230-26] INFO  io.pedestal.http.cors  - {:msg "cors request processing", :origin "", :allowed true, :line 84}
23:14:54.969 [qtp1692001230-26] INFO  io.pedestal.http.cors  - {:msg "cors response processing", :cors-headers {"Access-Control-Allow-Origin" "", "Access-Control-Allow-Credentials" "true", "Access-Control-Expose-Headers" "X-Frame-Options, X-Xss-Protection, Last-Modified, X-Download-Options, Strict-Transport-Security, X-Permitted-Cross-Domain-Policies, Content-Length, X-Content-Type-Options, Content-Security-Policy, Content-Type"}, :line 111}
23:14:55.040 [qtp1692001230-29] INFO  io.pedestal.http  - {:msg "GET /css/home.css.map", :line 80}
23:14:55.040 [qtp1692001230-29] INFO  io.pedestal.http.cors  - {:msg "cors request processing", :origin "", :allowed true, :line 84}
23:14:55.041 [qtp1692001230-29] INFO  io.pedestal.http.cors  - {:msg "cors response processing", :cors-headers {"Access-Control-Allow-Origin" "", "Access-Control-Allow-Credentials" "true", "Access-Control-Expose-Headers" "X-Frame-Options, X-Xss-Protection, Last-Modified, X-Download-Options, Strict-Transport-Security, X-Permitted-Cross-Domain-Policies, Content-Length, X-Content-Type-Options, Content-Security-Policy"}, :line 111}
